The system is: Linux - 5.11.6-1-MANJARO - x86_64
Compiling the C compiler identification source file "CMakeCCompilerId.c" succeeded.
Compiler: /usr/bin/clang 
Build flags: 
Id flags:  

The output was:
0


Compilation of the C compiler identification source "CMakeCCompilerId.c" produced "a.out"

The C compiler identification is Clang, found in "/home/nickolay/prog/triangle/cmake-build-debug/CMakeFiles/3.19.7/CompilerIdC/a.out"

Compiling the CXX compiler identification source file "CMakeCXXCompilerId.cpp" succeeded.
Compiler: /usr/bin/clang++ 
Build flags: 
Id flags:  

The output was:
0


Compilation of the CXX compiler identification source "CMakeCXXCompilerId.cpp" produced "a.out"

The CXX compiler identification is Clang, found in "/home/nickolay/prog/triangle/cmake-build-debug/CMakeFiles/3.19.7/CompilerIdCXX/a.out"

Detecting C compiler ABI info compiled with the following output:
Change Dir: /home/nickolay/prog/triangle/cmake-build-debug/CMakeFiles/CMakeTmp

Run Build Command(s):/usr/bin/make cmTC_c8bbd/fast && /usr/bin/make  -f CMakeFiles/cmTC_c8bbd.dir/build.make CMakeFiles/cmTC_c8bbd.dir/build
make[1]: Entering directory '/home/nickolay/prog/triangle/cmake-build-debug/CMakeFiles/CMakeTmp'
Building C object CMakeFiles/cmTC_c8bbd.dir/CMakeCCompilerABI.c.o
/usr/bin/clang   -v -o CMakeFiles/cmTC_c8bbd.dir/CMakeCCompilerABI.c.o -c /usr/share/cmake-3.19/Modules/CMakeCCompilerABI.c
clang version 11.1.0
Target: x86_64-pc-linux-gnu
Thread model: posix
InstalledDir: /usr/bin
Found candidate GCC installation: /usr/bin/../lib/gcc/x86_64-pc-linux-gnu/10.2.0
Found candidate GCC installation: /usr/bin/../lib64/gcc/x86_64-pc-linux-gnu/10.2.0
Found candidate GCC installation: /usr/lib/gcc/x86_64-pc-linux-gnu/10.2.0
Found candidate GCC installation: /usr/lib64/gcc/x86_64-pc-linux-gnu/10.2.0
Selected GCC installation: /usr/bin/../lib64/gcc/x86_64-pc-linux-gnu/10.2.0
Candidate multilib: .;@m64
Candidate multilib: 32;@m32
Selected multilib: .;@m64
 (in-process)
 "/usr/bin/clang-11" -cc1 -triple x86_64-pc-linux-gnu -emit-obj -mrelax-all -disable-free -disable-llvm-verifier -discard-value-names -main-file-name CMakeCCompilerABI.c -mrelocation-model pic -pic-level 2 -pic-is-pie -mframe-pointer=all -fmath-errno -fno-rounding-math -mconstructor-aliases -munwind-tables -target-cpu x86-64 -fno-split-dwarf-inlining -debugger-tuning=gdb -v -resource-dir /usr/lib/clang/11.1.0 -internal-isystem /usr/local/include -internal-isystem /usr/lib/clang/11.1.0/include -internal-externc-isystem /include -internal-externc-isystem /usr/include -fdebug-compilation-dir /home/nickolay/prog/triangle/cmake-build-debug/CMakeFiles/CMakeTmp -ferror-limit 19 -stack-protector 2 -fgnuc-version=4.2.1 -faddrsig -o CMakeFiles/cmTC_c8bbd.dir/CMakeCCompilerABI.c.o -x c /usr/share/cmake-3.19/Modules/CMakeCCompilerABI.c
clang -cc1 version 11.1.0 based upon LLVM 11.1.0 default target x86_64-pc-linux-gnu
ignoring nonexistent directory "/include"
#include "..." search starts here:
#include <...> search starts here:
 /usr/local/include
 /usr/lib/clang/11.1.0/include
 /usr/include
End of search list.
Linking C executable cmTC_c8bbd
/usr/bin/cmake -E cmake_link_script CMakeFiles/cmTC_c8bbd.dir/link.txt --verbose=1
/usr/bin/clang  -v CMakeFiles/cmTC_c8bbd.dir/CMakeCCompilerABI.c.o -o cmTC_c8bbd 
clang version 11.1.0
Target: x86_64-pc-linux-gnu
Thread model: posix
InstalledDir: /usr/bin
Found candidate GCC installation: /usr/bin/../lib/gcc/x86_64-pc-linux-gnu/10.2.0
Found candidate GCC installation: /usr/bin/../lib64/gcc/x86_64-pc-linux-gnu/10.2.0
Found candidate GCC installation: /usr/lib/gcc/x86_64-pc-linux-gnu/10.2.0
Found candidate GCC installation: /usr/lib64/gcc/x86_64-pc-linux-gnu/10.2.0
Selected GCC installation: /usr/bin/../lib64/gcc/x86_64-pc-linux-gnu/10.2.0
Candidate multilib: .;@m64
Candidate multilib: 32;@m32
Selected multilib: .;@m64
 "/usr/bin/ld" -pie --eh-frame-hdr -m elf_x86_64 -dynamic-linker /lib64/ld-linux-x86-64.so.2 -o cmTC_c8bbd /usr/bin/../lib64/gcc/x86_64-pc-linux-gnu/10.2.0/../../../../lib64/Scrt1.o /usr/bin/../lib64/gcc/x86_64-pc-linux-gnu/10.2.0/../../../../lib64/crti.o /usr/bin/../lib64/gcc/x86_64-pc-linux-gnu/10.2.0/crtbeginS.o -L/usr/bin/../lib64/gcc/x86_64-pc-linux-gnu/10.2.0 -L/usr/bin/../lib64/gcc/x86_64-pc-linux-gnu/10.2.0/../../../../lib64 -L/usr/bin/../lib64 -L/lib/../lib64 -L/usr/lib/../lib64 -L/usr/bin/../lib64/gcc/x86_64-pc-linux-gnu/10.2.0/../../.. -L/usr/bin/../lib -L/lib -L/usr/lib CMakeFiles/cmTC_c8bbd.dir/CMakeCCompilerABI.c.o -lgcc --as-needed -lgcc_s --no-as-needed -lc -lgcc --as-needed -lgcc_s --no-as-needed /usr/bin/../lib64/gcc/x86_64-pc-linux-gnu/10.2.0/crtendS.o /usr/bin/../lib64/gcc/x86_64-pc-linux-gnu/10.2.0/../../../../lib64/crtn.o
make[1]: Leaving directory '/home/nickolay/prog/triangle/cmake-build-debug/CMakeFiles/CMakeTmp'



Parsed C implicit include dir info from above output: rv=done
  found start of include info
  found start of implicit include info
    add: [/usr/local/include]
    add: [/usr/lib/clang/11.1.0/include]
    add: [/usr/include]
  end of search list found
  collapse include dir [/usr/local/include] ==> [/usr/local/include]
  collapse include dir [/usr/lib/clang/11.1.0/include] ==> [/usr/lib/clang/11.1.0/include]
  collapse include dir [/usr/include] ==> [/usr/include]
  implicit include dirs: [/usr/local/include;/usr/lib/clang/11.1.0/include;/usr/include]


Parsed C implicit link information from above output:
  link line regex: [^( *|.*[/\])(ld|CMAKE_LINK_STARTFILE-NOTFOUND|([^/\]+-)?ld|collect2)[^/\]*( |$)]
  ignore line: [Change Dir: /home/nickolay/prog/triangle/cmake-build-debug/CMakeFiles/CMakeTmp]
  ignore line: []
  ignore line: [Run Build Command(s):/usr/bin/make cmTC_c8bbd/fast && /usr/bin/make  -f CMakeFiles/cmTC_c8bbd.dir/build.make CMakeFiles/cmTC_c8bbd.dir/build]
  ignore line: [make[1]: Entering directory '/home/nickolay/prog/triangle/cmake-build-debug/CMakeFiles/CMakeTmp']
  ignore line: [Building C object CMakeFiles/cmTC_c8bbd.dir/CMakeCCompilerABI.c.o]
  ignore line: [/usr/bin/clang   -v -o CMakeFiles/cmTC_c8bbd.dir/CMakeCCompilerABI.c.o -c /usr/share/cmake-3.19/Modules/CMakeCCompilerABI.c]
  ignore line: [clang version 11.1.0]
  ignore line: [Target: x86_64-pc-linux-gnu]
  ignore line: [Thread model: posix]
  ignore line: [InstalledDir: /usr/bin]
  ignore line: [Found candidate GCC installation: /usr/bin/../lib/gcc/x86_64-pc-linux-gnu/10.2.0]
  ignore line: [Found candidate GCC installation: /usr/bin/../lib64/gcc/x86_64-pc-linux-gnu/10.2.0]
  ignore line: [Found candidate GCC installation: /usr/lib/gcc/x86_64-pc-linux-gnu/10.2.0]
  ignore line: [Found candidate GCC installation: /usr/lib64/gcc/x86_64-pc-linux-gnu/10.2.0]
  ignore line: [Selected GCC installation: /usr/bin/../lib64/gcc/x86_64-pc-linux-gnu/10.2.0]
  ignore line: [Candidate multilib: .]
  ignore line: [@m64]
  ignore line: [Candidate multilib: 32]
  ignore line: [@m32]
  ignore line: [Selected multilib: .]
  ignore line: [@m64]
  ignore line: [ (in-process)]
  ignore line: [ "/usr/bin/clang-11" -cc1 -triple x86_64-pc-linux-gnu -emit-obj -mrelax-all -disable-free -disable-llvm-verifier -discard-value-names -main-file-name CMakeCCompilerABI.c -mrelocation-model pic -pic-level 2 -pic-is-pie -mframe-pointer=all -fmath-errno -fno-rounding-math -mconstructor-aliases -munwind-tables -target-cpu x86-64 -fno-split-dwarf-inlining -debugger-tuning=gdb -v -resource-dir /usr/lib/clang/11.1.0 -internal-isystem /usr/local/include -internal-isystem /usr/lib/clang/11.1.0/include -internal-externc-isystem /include -internal-externc-isystem /usr/include -fdebug-compilation-dir /home/nickolay/prog/triangle/cmake-build-debug/CMakeFiles/CMakeTmp -ferror-limit 19 -stack-protector 2 -fgnuc-version=4.2.1 -faddrsig -o CMakeFiles/cmTC_c8bbd.dir/CMakeCCompilerABI.c.o -x c /usr/share/cmake-3.19/Modules/CMakeCCompilerABI.c]
  ignore line: [clang -cc1 version 11.1.0 based upon LLVM 11.1.0 default target x86_64-pc-linux-gnu]
  ignore line: [ignoring nonexistent directory "/include"]
  ignore line: [#include "..." search starts here:]
  ignore line: [#include <...> search starts here:]
  ignore line: [ /usr/local/include]
  ignore line: [ /usr/lib/clang/11.1.0/include]
  ignore line: [ /usr/include]
  ignore line: [End of search list.]
  ignore line: [Linking C executable cmTC_c8bbd]
  ignore line: [/usr/bin/cmake -E cmake_link_script CMakeFiles/cmTC_c8bbd.dir/link.txt --verbose=1]
  ignore line: [/usr/bin/clang  -v CMakeFiles/cmTC_c8bbd.dir/CMakeCCompilerABI.c.o -o cmTC_c8bbd ]
  ignore line: [clang version 11.1.0]
  ignore line: [Target: x86_64-pc-linux-gnu]
  ignore line: [Thread model: posix]
  ignore line: [InstalledDir: /usr/bin]
  ignore line: [Found candidate GCC installation: /usr/bin/../lib/gcc/x86_64-pc-linux-gnu/10.2.0]
  ignore line: [Found candidate GCC installation: /usr/bin/../lib64/gcc/x86_64-pc-linux-gnu/10.2.0]
  ignore line: [Found candidate GCC installation: /usr/lib/gcc/x86_64-pc-linux-gnu/10.2.0]
  ignore line: [Found candidate GCC installation: /usr/lib64/gcc/x86_64-pc-linux-gnu/10.2.0]
  ignore line: [Selected GCC installation: /usr/bin/../lib64/gcc/x86_64-pc-linux-gnu/10.2.0]
  ignore line: [Candidate multilib: .]
  ignore line: [@m64]
  ignore line: [Candidate multilib: 32]
  ignore line: [@m32]
  ignore line: [Selected multilib: .]
  ignore line: [@m64]
  link line: [ "/usr/bin/ld" -pie --eh-frame-hdr -m elf_x86_64 -dynamic-linker /lib64/ld-linux-x86-64.so.2 -o cmTC_c8bbd /usr/bin/../lib64/gcc/x86_64-pc-linux-gnu/10.2.0/../../../../lib64/Scrt1.o /usr/bin/../lib64/gcc/x86_64-pc-linux-gnu/10.2.0/../../../../lib64/crti.o /usr/bin/../lib64/gcc/x86_64-pc-linux-gnu/10.2.0/crtbeginS.o -L/usr/bin/../lib64/gcc/x86_64-pc-linux-gnu/10.2.0 -L/usr/bin/../lib64/gcc/x86_64-pc-linux-gnu/10.2.0/../../../../lib64 -L/usr/bin/../lib64 -L/lib/../lib64 -L/usr/lib/../lib64 -L/usr/bin/../lib64/gcc/x86_64-pc-linux-gnu/10.2.0/../../.. -L/usr/bin/../lib -L/lib -L/usr/lib CMakeFiles/cmTC_c8bbd.dir/CMakeCCompilerABI.c.o -lgcc --as-needed -lgcc_s --no-as-needed -lc -lgcc --as-needed -lgcc_s --no-as-needed /usr/bin/../lib64/gcc/x86_64-pc-linux-gnu/10.2.0/crtendS.o /usr/bin/../lib64/gcc/x86_64-pc-linux-gnu/10.2.0/../../../../lib64/crtn.o]
    arg [/usr/bin/ld] ==> ignore
    arg [-pie] ==> ignore
    arg [--eh-frame-hdr] ==> ignore
    arg [-m] ==> ignore
    arg [elf_x86_64] ==> ignore
    arg [-dynamic-linker] ==> ignore
    arg [/lib64/ld-linux-x86-64.so.2] ==> ignore
    arg [-o] ==> ignore
    arg [cmTC_c8bbd] ==> ignore
    arg [/usr/bin/../lib64/gcc/x86_64-pc-linux-gnu/10.2.0/../../../../lib64/Scrt1.o] ==> ignore
    arg [/usr/bin/../lib64/gcc/x86_64-pc-linux-gnu/10.2.0/../../../../lib64/crti.o] ==> ignore
    arg [/usr/bin/../lib64/gcc/x86_64-pc-linux-gnu/10.2.0/crtbeginS.o] ==> ignore
    arg [-L/usr/bin/../lib64/gcc/x86_64-pc-linux-gnu/10.2.0] ==> dir [/usr/bin/../lib64/gcc/x86_64-pc-linux-gnu/10.2.0]
    arg [-L/usr/bin/../lib64/gcc/x86_64-pc-linux-gnu/10.2.0/../../../../lib64] ==> dir [/usr/bin/../lib64/gcc/x86_64-pc-linux-gnu/10.2.0/../../../../lib64]
    arg [-L/usr/bin/../lib64] ==> dir [/usr/bin/../lib64]
    arg [-L/lib/../lib64] ==> dir [/lib/../lib64]
    arg [-L/usr/lib/../lib64] ==> dir [/usr/lib/../lib64]
    arg [-L/usr/bin/../lib64/gcc/x86_64-pc-linux-gnu/10.2.0/../../..] ==> dir [/usr/bin/../lib64/gcc/x86_64-pc-linux-gnu/10.2.0/../../..]
    arg [-L/usr/bin/../lib] ==> dir [/usr/bin/../lib]
    arg [-L/lib] ==> dir [/lib]
    arg [-L/usr/lib] ==> dir [/usr/lib]
    arg [CMakeFiles/cmTC_c8bbd.dir/CMakeCCompilerABI.c.o] ==> ignore
    arg [-lgcc] ==> lib [gcc]
    arg [--as-needed] ==> ignore
    arg [-lgcc_s] ==> lib [gcc_s]
    arg [--no-as-needed] ==> ignore
    arg [-lc] ==> lib [c]
    arg [-lgcc] ==> lib [gcc]
    arg [--as-needed] ==> ignore
    arg [-lgcc_s] ==> lib [gcc_s]
    arg [--no-as-needed] ==> ignore
    arg [/usr/bin/../lib64/gcc/x86_64-pc-linux-gnu/10.2.0/crtendS.o] ==> ignore
    arg [/usr/bin/../lib64/gcc/x86_64-pc-linux-gnu/10.2.0/../../../../lib64/crtn.o] ==> ignore
  collapse library dir [/usr/bin/../lib64/gcc/x86_64-pc-linux-gnu/10.2.0] ==> [/usr/lib64/gcc/x86_64-pc-linux-gnu/10.2.0]
  collapse library dir [/usr/bin/../lib64/gcc/x86_64-pc-linux-gnu/10.2.0/../../../../lib64] ==> [/usr/lib64]
  collapse library dir [/usr/bin/../lib64] ==> [/usr/lib64]
  collapse library dir [/lib/../lib64] ==> [/lib64]
  collapse library dir [/usr/lib/../lib64] ==> [/usr/lib64]
  collapse library dir [/usr/bin/../lib64/gcc/x86_64-pc-linux-gnu/10.2.0/../../..] ==> [/usr/lib64]
  collapse library dir [/usr/bin/../lib] ==> [/usr/lib]
  collapse library dir [/lib] ==> [/lib]
  collapse library dir [/usr/lib] ==> [/usr/lib]
  implicit libs: [gcc;gcc_s;c;gcc;gcc_s]
  implicit dirs: [/usr/lib64/gcc/x86_64-pc-linux-gnu/10.2.0;/usr/lib64;/lib64;/usr/lib;/lib]
  implicit fwks: []


Detecting CXX compiler ABI info compiled with the following output:
Change Dir: /home/nickolay/prog/triangle/cmake-build-debug/CMakeFiles/CMakeTmp

Run Build Command(s):/usr/bin/make cmTC_7354a/fast && /usr/bin/make  -f CMakeFiles/cmTC_7354a.dir/build.make CMakeFiles/cmTC_7354a.dir/build
make[1]: Entering directory '/home/nickolay/prog/triangle/cmake-build-debug/CMakeFiles/CMakeTmp'
Building CXX object CMakeFiles/cmTC_7354a.dir/CMakeCXXCompilerABI.cpp.o
/usr/bin/clang++   -v -o CMakeFiles/cmTC_7354a.dir/CMakeCXXCompilerABI.cpp.o -c /usr/share/cmake-3.19/Modules/CMakeCXXCompilerABI.cpp
clang version 11.1.0
Target: x86_64-pc-linux-gnu
Thread model: posix
InstalledDir: /usr/bin
Found candidate GCC installation: /usr/bin/../lib/gcc/x86_64-pc-linux-gnu/10.2.0
Found candidate GCC installation: /usr/bin/../lib64/gcc/x86_64-pc-linux-gnu/10.2.0
Found candidate GCC installation: /usr/lib/gcc/x86_64-pc-linux-gnu/10.2.0
Found candidate GCC installation: /usr/lib64/gcc/x86_64-pc-linux-gnu/10.2.0
Selected GCC installation: /usr/bin/../lib64/gcc/x86_64-pc-linux-gnu/10.2.0
Candidate multilib: .;@m64
Candidate multilib: 32;@m32
Selected multilib: .;@m64
 (in-process)
 "/usr/bin/clang-11" -cc1 -triple x86_64-pc-linux-gnu -emit-obj -mrelax-all -disable-free -disable-llvm-verifier -discard-value-names -main-file-name CMakeCXXCompilerABI.cpp -mrelocation-model pic -pic-level 2 -pic-is-pie -mframe-pointer=all -fmath-errno -fno-rounding-math -mconstructor-aliases -munwind-tables -target-cpu x86-64 -fno-split-dwarf-inlining -debugger-tuning=gdb -v -resource-dir /usr/lib/clang/11.1.0 -internal-isystem /usr/bin/../lib64/gcc/x86_64-pc-linux-gnu/10.2.0/../../../../include/c++/10.2.0 -internal-isystem /usr/bin/../lib64/gcc/x86_64-pc-linux-gnu/10.2.0/../../../../include/c++/10.2.0/x86_64-pc-linux-gnu -internal-isystem /usr/bin/../lib64/gcc/x86_64-pc-linux-gnu/10.2.0/../../../../include/c++/10.2.0/backward -internal-isystem /usr/local/include -internal-isystem /usr/lib/clang/11.1.0/include -internal-externc-isystem /include -internal-externc-isystem /usr/include -fdeprecated-macro -fdebug-compilation-dir /home/nickolay/prog/triangle/cmake-build-debug/CMakeFiles/CMakeTmp -ferror-limit 19 -stack-protector 2 -fgnuc-version=4.2.1 -fcxx-exceptions -fexceptions -faddrsig -o CMakeFiles/cmTC_7354a.dir/CMakeCXXCompilerABI.cpp.o -x c++ /usr/share/cmake-3.19/Modules/CMakeCXXCompilerABI.cpp
clang -cc1 version 11.1.0 based upon LLVM 11.1.0 default target x86_64-pc-linux-gnu
ignoring nonexistent directory "/include"
#include "..." search starts here:
#include <...> search starts here:
 /usr/bin/../lib64/gcc/x86_64-pc-linux-gnu/10.2.0/../../../../include/c++/10.2.0
 /usr/bin/../lib64/gcc/x86_64-pc-linux-gnu/10.2.0/../../../../include/c++/10.2.0/x86_64-pc-linux-gnu
 /usr/bin/../lib64/gcc/x86_64-pc-linux-gnu/10.2.0/../../../../include/c++/10.2.0/backward
 /usr/local/include
 /usr/lib/clang/11.1.0/include
 /usr/include
End of search list.
Linking CXX executable cmTC_7354a
/usr/bin/cmake -E cmake_link_script CMakeFiles/cmTC_7354a.dir/link.txt --verbose=1
/usr/bin/clang++  -v CMakeFiles/cmTC_7354a.dir/CMakeCXXCompilerABI.cpp.o -o cmTC_7354a 
clang version 11.1.0
Target: x86_64-pc-linux-gnu
Thread model: posix
InstalledDir: /usr/bin
Found candidate GCC installation: /usr/bin/../lib/gcc/x86_64-pc-linux-gnu/10.2.0
Found candidate GCC installation: /usr/bin/../lib64/gcc/x86_64-pc-linux-gnu/10.2.0
Found candidate GCC installation: /usr/lib/gcc/x86_64-pc-linux-gnu/10.2.0
Found candidate GCC installation: /usr/lib64/gcc/x86_64-pc-linux-gnu/10.2.0
Selected GCC installation: /usr/bin/../lib64/gcc/x86_64-pc-linux-gnu/10.2.0
Candidate multilib: .;@m64
Candidate multilib: 32;@m32
Selected multilib: .;@m64
 "/usr/bin/ld" -pie --eh-frame-hdr -m elf_x86_64 -dynamic-linker /lib64/ld-linux-x86-64.so.2 -o cmTC_7354a /usr/bin/../lib64/gcc/x86_64-pc-linux-gnu/10.2.0/../../../../lib64/Scrt1.o /usr/bin/../lib64/gcc/x86_64-pc-linux-gnu/10.2.0/../../../../lib64/crti.o /usr/bin/../lib64/gcc/x86_64-pc-linux-gnu/10.2.0/crtbeginS.o -L/usr/bin/../lib64/gcc/x86_64-pc-linux-gnu/10.2.0 -L/usr/bin/../lib64/gcc/x86_64-pc-linux-gnu/10.2.0/../../../../lib64 -L/usr/bin/../lib64 -L/lib/../lib64 -L/usr/lib/../lib64 -L/usr/bin/../lib64/gcc/x86_64-pc-linux-gnu/10.2.0/../../.. -L/usr/bin/../lib -L/lib -L/usr/lib CMakeFiles/cmTC_7354a.dir/CMakeCXXCompilerABI.cpp.o -lstdc++ -lm -lgcc_s -lgcc -lc -lgcc_s -lgcc /usr/bin/../lib64/gcc/x86_64-pc-linux-gnu/10.2.0/crtendS.o /usr/bin/../lib64/gcc/x86_64-pc-linux-gnu/10.2.0/../../../../lib64/crtn.o
make[1]: Leaving directory '/home/nickolay/prog/triangle/cmake-build-debug/CMakeFiles/CMakeTmp'



Parsed CXX implicit include dir info from above output: rv=done
  found start of include info
  found start of implicit include info
    add: [/usr/bin/../lib64/gcc/x86_64-pc-linux-gnu/10.2.0/../../../../include/c++/10.2.0]
    add: [/usr/bin/../lib64/gcc/x86_64-pc-linux-gnu/10.2.0/../../../../include/c++/10.2.0/x86_64-pc-linux-gnu]
    add: [/usr/bin/../lib64/gcc/x86_64-pc-linux-gnu/10.2.0/../../../../include/c++/10.2.0/backward]
    add: [/usr/local/include]
    add: [/usr/lib/clang/11.1.0/include]
    add: [/usr/include]
  end of search list found
  collapse include dir [/usr/bin/../lib64/gcc/x86_64-pc-linux-gnu/10.2.0/../../../../include/c++/10.2.0] ==> [/usr/include/c++/10.2.0]
  collapse include dir [/usr/bin/../lib64/gcc/x86_64-pc-linux-gnu/10.2.0/../../../../include/c++/10.2.0/x86_64-pc-linux-gnu] ==> [/usr/include/c++/10.2.0/x86_64-pc-linux-gnu]
  collapse include dir [/usr/bin/../lib64/gcc/x86_64-pc-linux-gnu/10.2.0/../../../../include/c++/10.2.0/backward] ==> [/usr/include/c++/10.2.0/backward]
  collapse include dir [/usr/local/include] ==> [/usr/local/include]
  collapse include dir [/usr/lib/clang/11.1.0/include] ==> [/usr/lib/clang/11.1.0/include]
  collapse include dir [/usr/include] ==> [/usr/include]
  implicit include dirs: [/usr/include/c++/10.2.0;/usr/include/c++/10.2.0/x86_64-pc-linux-gnu;/usr/include/c++/10.2.0/backward;/usr/local/include;/usr/lib/clang/11.1.0/include;/usr/include]


Parsed CXX implicit link information from above output:
  link line regex: [^( *|.*[/\])(ld|CMAKE_LINK_STARTFILE-NOTFOUND|([^/\]+-)?ld|collect2)[^/\]*( |$)]
  ignore line: [Change Dir: /home/nickolay/prog/triangle/cmake-build-debug/CMakeFiles/CMakeTmp]
  ignore line: []
  ignore line: [Run Build Command(s):/usr/bin/make cmTC_7354a/fast && /usr/bin/make  -f CMakeFiles/cmTC_7354a.dir/build.make CMakeFiles/cmTC_7354a.dir/build]
  ignore line: [make[1]: Entering directory '/home/nickolay/prog/triangle/cmake-build-debug/CMakeFiles/CMakeTmp']
  ignore line: [Building CXX object CMakeFiles/cmTC_7354a.dir/CMakeCXXCompilerABI.cpp.o]
  ignore line: [/usr/bin/clang++   -v -o CMakeFiles/cmTC_7354a.dir/CMakeCXXCompilerABI.cpp.o -c /usr/share/cmake-3.19/Modules/CMakeCXXCompilerABI.cpp]
  ignore line: [clang version 11.1.0]
  ignore line: [Target: x86_64-pc-linux-gnu]
  ignore line: [Thread model: posix]
  ignore line: [InstalledDir: /usr/bin]
  ignore line: [Found candidate GCC installation: /usr/bin/../lib/gcc/x86_64-pc-linux-gnu/10.2.0]
  ignore line: [Found candidate GCC installation: /usr/bin/../lib64/gcc/x86_64-pc-linux-gnu/10.2.0]
  ignore line: [Found candidate GCC installation: /usr/lib/gcc/x86_64-pc-linux-gnu/10.2.0]
  ignore line: [Found candidate GCC installation: /usr/lib64/gcc/x86_64-pc-linux-gnu/10.2.0]
  ignore line: [Selected GCC installation: /usr/bin/../lib64/gcc/x86_64-pc-linux-gnu/10.2.0]
  ignore line: [Candidate multilib: .]
  ignore line: [@m64]
  ignore line: [Candidate multilib: 32]
  ignore line: [@m32]
  ignore line: [Selected multilib: .]
  ignore line: [@m64]
  ignore line: [ (in-process)]
  ignore line: [ "/usr/bin/clang-11" -cc1 -triple x86_64-pc-linux-gnu -emit-obj -mrelax-all -disable-free -disable-llvm-verifier -discard-value-names -main-file-name CMakeCXXCompilerABI.cpp -mrelocation-model pic -pic-level 2 -pic-is-pie -mframe-pointer=all -fmath-errno -fno-rounding-math -mconstructor-aliases -munwind-tables -target-cpu x86-64 -fno-split-dwarf-inlining -debugger-tuning=gdb -v -resource-dir /usr/lib/clang/11.1.0 -internal-isystem /usr/bin/../lib64/gcc/x86_64-pc-linux-gnu/10.2.0/../../../../include/c++/10.2.0 -internal-isystem /usr/bin/../lib64/gcc/x86_64-pc-linux-gnu/10.2.0/../../../../include/c++/10.2.0/x86_64-pc-linux-gnu -internal-isystem /usr/bin/../lib64/gcc/x86_64-pc-linux-gnu/10.2.0/../../../../include/c++/10.2.0/backward -internal-isystem /usr/local/include -internal-isystem /usr/lib/clang/11.1.0/include -internal-externc-isystem /include -internal-externc-isystem /usr/include -fdeprecated-macro -fdebug-compilation-dir /home/nickolay/prog/triangle/cmake-build-debug/CMakeFiles/CMakeTmp -ferror-limit 19 -stack-protector 2 -fgnuc-version=4.2.1 -fcxx-exceptions -fexceptions -faddrsig -o CMakeFiles/cmTC_7354a.dir/CMakeCXXCompilerABI.cpp.o -x c++ /usr/share/cmake-3.19/Modules/CMakeCXXCompilerABI.cpp]
  ignore line: [clang -cc1 version 11.1.0 based upon LLVM 11.1.0 default target x86_64-pc-linux-gnu]
  ignore line: [ignoring nonexistent directory "/include"]
  ignore line: [#include "..." search starts here:]
  ignore line: [#include <...> search starts here:]
  ignore line: [ /usr/bin/../lib64/gcc/x86_64-pc-linux-gnu/10.2.0/../../../../include/c++/10.2.0]
  ignore line: [ /usr/bin/../lib64/gcc/x86_64-pc-linux-gnu/10.2.0/../../../../include/c++/10.2.0/x86_64-pc-linux-gnu]
  ignore line: [ /usr/bin/../lib64/gcc/x86_64-pc-linux-gnu/10.2.0/../../../../include/c++/10.2.0/backward]
  ignore line: [ /usr/local/include]
  ignore line: [ /usr/lib/clang/11.1.0/include]
  ignore line: [ /usr/include]
  ignore line: [End of search list.]
  ignore line: [Linking CXX executable cmTC_7354a]
  ignore line: [/usr/bin/cmake -E cmake_link_script CMakeFiles/cmTC_7354a.dir/link.txt --verbose=1]
  ignore line: [/usr/bin/clang++  -v CMakeFiles/cmTC_7354a.dir/CMakeCXXCompilerABI.cpp.o -o cmTC_7354a ]
  ignore line: [clang version 11.1.0]
  ignore line: [Target: x86_64-pc-linux-gnu]
  ignore line: [Thread model: posix]
  ignore line: [InstalledDir: /usr/bin]
  ignore line: [Found candidate GCC installation: /usr/bin/../lib/gcc/x86_64-pc-linux-gnu/10.2.0]
  ignore line: [Found candidate GCC installation: /usr/bin/../lib64/gcc/x86_64-pc-linux-gnu/10.2.0]
  ignore line: [Found candidate GCC installation: /usr/lib/gcc/x86_64-pc-linux-gnu/10.2.0]
  ignore line: [Found candidate GCC installation: /usr/lib64/gcc/x86_64-pc-linux-gnu/10.2.0]
  ignore line: [Selected GCC installation: /usr/bin/../lib64/gcc/x86_64-pc-linux-gnu/10.2.0]
  ignore line: [Candidate multilib: .]
  ignore line: [@m64]
  ignore line: [Candidate multilib: 32]
  ignore line: [@m32]
  ignore line: [Selected multilib: .]
  ignore line: [@m64]
  link line: [ "/usr/bin/ld" -pie --eh-frame-hdr -m elf_x86_64 -dynamic-linker /lib64/ld-linux-x86-64.so.2 -o cmTC_7354a /usr/bin/../lib64/gcc/x86_64-pc-linux-gnu/10.2.0/../../../../lib64/Scrt1.o /usr/bin/../lib64/gcc/x86_64-pc-linux-gnu/10.2.0/../../../../lib64/crti.o /usr/bin/../lib64/gcc/x86_64-pc-linux-gnu/10.2.0/crtbeginS.o -L/usr/bin/../lib64/gcc/x86_64-pc-linux-gnu/10.2.0 -L/usr/bin/../lib64/gcc/x86_64-pc-linux-gnu/10.2.0/../../../../lib64 -L/usr/bin/../lib64 -L/lib/../lib64 -L/usr/lib/../lib64 -L/usr/bin/../lib64/gcc/x86_64-pc-linux-gnu/10.2.0/../../.. -L/usr/bin/../lib -L/lib -L/usr/lib CMakeFiles/cmTC_7354a.dir/CMakeCXXCompilerABI.cpp.o -lstdc++ -lm -lgcc_s -lgcc -lc -lgcc_s -lgcc /usr/bin/../lib64/gcc/x86_64-pc-linux-gnu/10.2.0/crtendS.o /usr/bin/../lib64/gcc/x86_64-pc-linux-gnu/10.2.0/../../../../lib64/crtn.o]
    arg [/usr/bin/ld] ==> ignore
    arg [-pie] ==> ignore
    arg [--eh-frame-hdr] ==> ignore
    arg [-m] ==> ignore
    arg [elf_x86_64] ==> ignore
    arg [-dynamic-linker] ==> ignore
    arg [/lib64/ld-linux-x86-64.so.2] ==> ignore
    arg [-o] ==> ignore
    arg [cmTC_7354a] ==> ignore
    arg [/usr/bin/../lib64/gcc/x86_64-pc-linux-gnu/10.2.0/../../../../lib64/Scrt1.o] ==> ignore
    arg [/usr/bin/../lib64/gcc/x86_64-pc-linux-gnu/10.2.0/../../../../lib64/crti.o] ==> ignore
    arg [/usr/bin/../lib64/gcc/x86_64-pc-linux-gnu/10.2.0/crtbeginS.o] ==> ignore
    arg [-L/usr/bin/../lib64/gcc/x86_64-pc-linux-gnu/10.2.0] ==> dir [/usr/bin/../lib64/gcc/x86_64-pc-linux-gnu/10.2.0]
    arg [-L/usr/bin/../lib64/gcc/x86_64-pc-linux-gnu/10.2.0/../../../../lib64] ==> dir [/usr/bin/../lib64/gcc/x86_64-pc-linux-gnu/10.2.0/../../../../lib64]
    arg [-L/usr/bin/../lib64] ==> dir [/usr/bin/../lib64]
    arg [-L/lib/../lib64] ==> dir [/lib/../lib64]
    arg [-L/usr/lib/../lib64] ==> dir [/usr/lib/../lib64]
    arg [-L/usr/bin/../lib64/gcc/x86_64-pc-linux-gnu/10.2.0/../../..] ==> dir [/usr/bin/../lib64/gcc/x86_64-pc-linux-gnu/10.2.0/../../..]
    arg [-L/usr/bin/../lib] ==> dir [/usr/bin/../lib]
    arg [-L/lib] ==> dir [/lib]
    arg [-L/usr/lib] ==> dir [/usr/lib]
    arg [CMakeFiles/cmTC_7354a.dir/CMakeCXXCompilerABI.cpp.o] ==> ignore
    arg [-lstdc++] ==> lib [stdc++]
    arg [-lm] ==> lib [m]
    arg [-lgcc_s] ==> lib [gcc_s]
    arg [-lgcc] ==> lib [gcc]
    arg [-lc] ==> lib [c]
    arg [-lgcc_s] ==> lib [gcc_s]
    arg [-lgcc] ==> lib [gcc]
    arg [/usr/bin/../lib64/gcc/x86_64-pc-linux-gnu/10.2.0/crtendS.o] ==> ignore
    arg [/usr/bin/../lib64/gcc/x86_64-pc-linux-gnu/10.2.0/../../../../lib64/crtn.o] ==> ignore
  collapse library dir [/usr/bin/../lib64/gcc/x86_64-pc-linux-gnu/10.2.0] ==> [/usr/lib64/gcc/x86_64-pc-linux-gnu/10.2.0]
  collapse library dir [/usr/bin/../lib64/gcc/x86_64-pc-linux-gnu/10.2.0/../../../../lib64] ==> [/usr/lib64]
  collapse library dir [/usr/bin/../lib64] ==> [/usr/lib64]
  collapse library dir [/lib/../lib64] ==> [/lib64]
  collapse library dir [/usr/lib/../lib64] ==> [/usr/lib64]
  collapse library dir [/usr/bin/../lib64/gcc/x86_64-pc-linux-gnu/10.2.0/../../..] ==> [/usr/lib64]
  collapse library dir [/usr/bin/../lib] ==> [/usr/lib]
  collapse library dir [/lib] ==> [/lib]
  collapse library dir [/usr/lib] ==> [/usr/lib]
  implicit libs: [stdc++;m;gcc_s;gcc;c;gcc_s;gcc]
  implicit dirs: [/usr/lib64/gcc/x86_64-pc-linux-gnu/10.2.0;/usr/lib64;/lib64;/usr/lib;/lib]
  implicit fwks: []


Determining if the function XOpenDisplay exists in the /usr/lib/libX11.so;/usr/lib/libXext.so passed with the following output:
Change Dir: /home/nickolay/prog/triangle/cmake-build-debug/CMakeFiles/CMakeTmp

Run Build Command(s):/usr/bin/make cmTC_a9083/fast && /usr/bin/make  -f CMakeFiles/cmTC_a9083.dir/build.make CMakeFiles/cmTC_a9083.dir/build
make[1]: Entering directory '/home/nickolay/prog/triangle/cmake-build-debug/CMakeFiles/CMakeTmp'
Building C object CMakeFiles/cmTC_a9083.dir/CheckFunctionExists.c.o
/usr/bin/clang   -DCHECK_FUNCTION_EXISTS=XOpenDisplay -o CMakeFiles/cmTC_a9083.dir/CheckFunctionExists.c.o -c /usr/share/cmake-3.19/Modules/CheckFunctionExists.c
Linking C executable cmTC_a9083
/usr/bin/cmake -E cmake_link_script CMakeFiles/cmTC_a9083.dir/link.txt --verbose=1
/usr/bin/clang  -DCHECK_FUNCTION_EXISTS=XOpenDisplay -rdynamic CMakeFiles/cmTC_a9083.dir/CheckFunctionExists.c.o -o cmTC_a9083  /usr/lib/libX11.so /usr/lib/libXext.so 
make[1]: Leaving directory '/home/nickolay/prog/triangle/cmake-build-debug/CMakeFiles/CMakeTmp'



Determining if the function gethostbyname exists passed with the following output:
Change Dir: /home/nickolay/prog/triangle/cmake-build-debug/CMakeFiles/CMakeTmp

Run Build Command(s):/usr/bin/make cmTC_7023a/fast && /usr/bin/make  -f CMakeFiles/cmTC_7023a.dir/build.make CMakeFiles/cmTC_7023a.dir/build
make[1]: Entering directory '/home/nickolay/prog/triangle/cmake-build-debug/CMakeFiles/CMakeTmp'
Building C object CMakeFiles/cmTC_7023a.dir/CheckFunctionExists.c.o
/usr/bin/clang   -DCHECK_FUNCTION_EXISTS=gethostbyname -o CMakeFiles/cmTC_7023a.dir/CheckFunctionExists.c.o -c /usr/share/cmake-3.19/Modules/CheckFunctionExists.c
Linking C executable cmTC_7023a
/usr/bin/cmake -E cmake_link_script CMakeFiles/cmTC_7023a.dir/link.txt --verbose=1
/usr/bin/clang  -DCHECK_FUNCTION_EXISTS=gethostbyname -rdynamic CMakeFiles/cmTC_7023a.dir/CheckFunctionExists.c.o -o cmTC_7023a 
make[1]: Leaving directory '/home/nickolay/prog/triangle/cmake-build-debug/CMakeFiles/CMakeTmp'



Determining if the function connect exists passed with the following output:
Change Dir: /home/nickolay/prog/triangle/cmake-build-debug/CMakeFiles/CMakeTmp

Run Build Command(s):/usr/bin/make cmTC_9c6de/fast && /usr/bin/make  -f CMakeFiles/cmTC_9c6de.dir/build.make CMakeFiles/cmTC_9c6de.dir/build
make[1]: Entering directory '/home/nickolay/prog/triangle/cmake-build-debug/CMakeFiles/CMakeTmp'
Building C object CMakeFiles/cmTC_9c6de.dir/CheckFunctionExists.c.o
/usr/bin/clang   -DCHECK_FUNCTION_EXISTS=connect -o CMakeFiles/cmTC_9c6de.dir/CheckFunctionExists.c.o -c /usr/share/cmake-3.19/Modules/CheckFunctionExists.c
Linking C executable cmTC_9c6de
/usr/bin/cmake -E cmake_link_script CMakeFiles/cmTC_9c6de.dir/link.txt --verbose=1
/usr/bin/clang  -DCHECK_FUNCTION_EXISTS=connect -rdynamic CMakeFiles/cmTC_9c6de.dir/CheckFunctionExists.c.o -o cmTC_9c6de 
make[1]: Leaving directory '/home/nickolay/prog/triangle/cmake-build-debug/CMakeFiles/CMakeTmp'



Determining if the function remove exists passed with the following output:
Change Dir: /home/nickolay/prog/triangle/cmake-build-debug/CMakeFiles/CMakeTmp

Run Build Command(s):/usr/bin/make cmTC_26546/fast && /usr/bin/make  -f CMakeFiles/cmTC_26546.dir/build.make CMakeFiles/cmTC_26546.dir/build
make[1]: Entering directory '/home/nickolay/prog/triangle/cmake-build-debug/CMakeFiles/CMakeTmp'
Building C object CMakeFiles/cmTC_26546.dir/CheckFunctionExists.c.o
/usr/bin/clang   -DCHECK_FUNCTION_EXISTS=remove -o CMakeFiles/cmTC_26546.dir/CheckFunctionExists.c.o -c /usr/share/cmake-3.19/Modules/CheckFunctionExists.c
Linking C executable cmTC_26546
/usr/bin/cmake -E cmake_link_script CMakeFiles/cmTC_26546.dir/link.txt --verbose=1
/usr/bin/clang  -DCHECK_FUNCTION_EXISTS=remove -rdynamic CMakeFiles/cmTC_26546.dir/CheckFunctionExists.c.o -o cmTC_26546 
make[1]: Leaving directory '/home/nickolay/prog/triangle/cmake-build-debug/CMakeFiles/CMakeTmp'



Determining if the function shmat exists passed with the following output:
Change Dir: /home/nickolay/prog/triangle/cmake-build-debug/CMakeFiles/CMakeTmp

Run Build Command(s):/usr/bin/make cmTC_9728c/fast && /usr/bin/make  -f CMakeFiles/cmTC_9728c.dir/build.make CMakeFiles/cmTC_9728c.dir/build
make[1]: Entering directory '/home/nickolay/prog/triangle/cmake-build-debug/CMakeFiles/CMakeTmp'
Building C object CMakeFiles/cmTC_9728c.dir/CheckFunctionExists.c.o
/usr/bin/clang   -DCHECK_FUNCTION_EXISTS=shmat -o CMakeFiles/cmTC_9728c.dir/CheckFunctionExists.c.o -c /usr/share/cmake-3.19/Modules/CheckFunctionExists.c
Linking C executable cmTC_9728c
/usr/bin/cmake -E cmake_link_script CMakeFiles/cmTC_9728c.dir/link.txt --verbose=1
/usr/bin/clang  -DCHECK_FUNCTION_EXISTS=shmat -rdynamic CMakeFiles/cmTC_9728c.dir/CheckFunctionExists.c.o -o cmTC_9728c 
make[1]: Leaving directory '/home/nickolay/prog/triangle/cmake-build-debug/CMakeFiles/CMakeTmp'



Determining if the function IceConnectionNumber exists in the ICE passed with the following output:
Change Dir: /home/nickolay/prog/triangle/cmake-build-debug/CMakeFiles/CMakeTmp

Run Build Command(s):/usr/bin/make cmTC_38739/fast && /usr/bin/make  -f CMakeFiles/cmTC_38739.dir/build.make CMakeFiles/cmTC_38739.dir/build
make[1]: Entering directory '/home/nickolay/prog/triangle/cmake-build-debug/CMakeFiles/CMakeTmp'
Building C object CMakeFiles/cmTC_38739.dir/CheckFunctionExists.c.o
/usr/bin/clang   -DCHECK_FUNCTION_EXISTS=IceConnectionNumber -o CMakeFiles/cmTC_38739.dir/CheckFunctionExists.c.o -c /usr/share/cmake-3.19/Modules/CheckFunctionExists.c
Linking C executable cmTC_38739
/usr/bin/cmake -E cmake_link_script CMakeFiles/cmTC_38739.dir/link.txt --verbose=1
/usr/bin/clang  -DCHECK_FUNCTION_EXISTS=IceConnectionNumber -rdynamic CMakeFiles/cmTC_38739.dir/CheckFunctionExists.c.o -o cmTC_38739  -lICE 
make[1]: Leaving directory '/home/nickolay/prog/triangle/cmake-build-debug/CMakeFiles/CMakeTmp'



